#
# A fatal error has been detected by the Java Runtime Environment:
#
#  EXCEPTION_ACCESS_VIOLATION (0xc0000005) at pc=0x000002a213e9a081, pid=10328, tid=4996
#
# JRE version: Java(TM) SE Runtime Environment (20.0.1+9) (build 20.0.1+9-29)
# Java VM: Java HotSpot(TM) 64-Bit Server VM (20.0.1+9-29, mixed mode, sharing, tiered, compressed oops, compressed class ptrs, g1 gc, windows-amd64)
# Problematic frame:
# v  ~DeoptimizationBlob 0x000002a213e9a081
#
# No core dump will be written. Minidumps are not enabled by default on client versions of Windows
#
# If you would like to submit a bug report, please visit:
#   https://bugreport.java.com/bugreport/crash.jsp
# The crash happened outside the Java Virtual Machine in native code.
# See problematic frame for where to report the bug.
#

---------------  S U M M A R Y ------------

Command Line: -javaagent:C:\Program Files\JetBrains\IntelliJ IDEA Community Edition 2023.1.2\lib\idea_rt.jar=53585:C:\Program Files\JetBrains\IntelliJ IDEA Community Edition 2023.1.2\bin -Dfile.encoding=UTF-8 -Dsun.stdout.encoding=UTF-8 -Dsun.stderr.encoding=UTF-8 --module-path=C:\Users\RamDus\IdeaProjects\demo\target\classes;C:\Users\RamDus\.m2\repository\org\openjfx\javafx-graphics\20\javafx-graphics-20-win.jar;C:\Users\RamDus\.m2\repository\org\openjfx\javafx-base\20\javafx-base-20-win.jar;C:\Users\RamDus\.m2\repository\org\openjfx\javafx-fxml\20\javafx-fxml-20-win.jar;C:\Users\RamDus\.m2\repository\org\openjfx\javafx-controls\20\javafx-controls-20-win.jar -Djdk.module.main=com.example.demo com.example.demo/com.example.demo.main

Host: AMD A8-7410 APU with AMD Radeon R5 Graphics    , 4 cores, 10G,  Windows 10 , 64 bit Build 16299 (10.0.16299.1087)
Time: Wed Jun 14 23:17:44 2023 Hora est. Pacífico, Sudamérica elapsed time: 3.167590 seconds (0d 0h 0m 3s)

---------------  T H R E A D  ---------------

Current thread (0x000002a22697a6b0):  JavaThread "Thread-1" daemon [_thread_in_native, id=4996, stack(0x000000c0f8500000,0x000000c0f8600000)]

Stack: [0x000000c0f8500000,0x000000c0f8600000],  sp=0x000000c0f85fee38,  free space=1019k
Native frames: (J=compiled Java code, j=interpreted, Vv=VM code, C=native code)
C  0x000002a213e9a081


siginfo: EXCEPTION_ACCESS_VIOLATION (0xc0000005), reading address 0xffffffffffffffff


Registers:
RAX=0x000002a20cae6990, RBX=0x000002a2267bc240, RCX=0x000002a2267bc240, RDX=0x000002a22697a970
RSP=0x000000c0f85fee38, RBP=0x000000c0f85ff948, RSI=0x0000000000000010, RDI=0x00007ffcdf59edb0
R8 =0x0000000000000001, R9 =0x0000000000000001, R10=0x000002a20cae971c, R11=0x000000c0f85ff910
R12=0x000000007ffe000c, R13=0x000000007ffe0008, R14=0x0000000000000000, R15=0x0000000000000000
RIP=0x000002a213e9a081, EFLAGS=0x0000000000010202


Register to memory mapping:

RIP=0x000002a213e9a081 is at code_begin+97 in 
[CodeBlob (0x000002a213e99f90)]
Framesize: 360
DeoptimizationBlob
--------------------------------------------------------------------------------
Decoding CodeBlob, name: DeoptimizationBlob, at  [0x000002a213e9a020, 0x000002a213e9a540]  1312 bytes
[MachCode]
  0x000002a213e9a020: 5548 8bec | 9c48 83ec | 0848 81ec | 8000 0000 | 4889 4424 | 7848 894c | 2470 4889 | 5424 6848 
  0x000002a213e9a040: 895c 2460 | 4889 6c24 | 5048 8974 | 2448 4889 | 7c24 404c | 8944 2438 | 4c89 4c24 | 304c 8954 
  0x000002a213e9a060: 2428 4c89 | 5c24 204c | 8964 2418 | 4c89 6c24 | 104c 8974 | 2408 4c89 | 3c24 4881 | ec80 0a00 
  0x000002a213e9a080: 0048 0fae | 0424 c4e3 | 7d19 8424 | 4002 0000 | 01c4 e37d | 198c 2450 | 0200 0001 | c4e3 7d19 
  0x000002a213e9a0a0: 9424 6002 | 0000 01c4 | e37d 199c | 2470 0200 | 0001 c4e3 | 7d19 a424 | 8002 0000 | 01c4 e37d 
  0x000002a213e9a0c0: 19ac 2490 | 0200 0001 | c4e3 7d19 | b424 a002 | 0000 01c4 | e37d 19bc | 24b0 0200 | 0001 c463 
  0x000002a213e9a0e0: 7d19 8424 | c002 0000 | 01c4 637d | 198c 24d0 | 0200 0001 | c463 7d19 | 9424 e002 | 0000 01c4 
  0x000002a213e9a100: 637d 199c | 24f0 0200 | 0001 c463 | 7d19 a424 | 0003 0000 | 01c4 637d | 19ac 2410 | 0300 0001 
  0x000002a213e9a120: c463 7d19 | b424 2003 | 0000 01c4 | 637d 19bc | 2430 0300 | 0001 c5f8 | 7748 83ec | 2041 be00 
  0x000002a213e9a140: 0000 00e9 | 7402 0000 | 5548 8bec | 9c48 83ec | 0848 81ec | 8000 0000 | 4889 4424 | 7848 894c 
  0x000002a213e9a160: 2470 4889 | 5424 6848 | 895c 2460 | 4889 6c24 | 5048 8974 | 2448 4889 | 7c24 404c | 8944 2438 
  0x000002a213e9a180: 4c89 4c24 | 304c 8954 | 2428 4c89 | 5c24 204c | 8964 2418 | 4c89 6c24 | 104c 8974 | 2408 4c89 
  0x000002a213e9a1a0: 3c24 4881 | ec80 0a00 | 0048 0fae | 0424 c4e3 | 7d19 8424 | 4002 0000 | 01c4 e37d | 198c 2450 
  0x000002a213e9a1c0: 0200 0001 | c4e3 7d19 | 9424 6002 | 0000 01c4 | e37d 199c | 2470 0200 | 0001 c4e3 | 7d19 a424 
  0x000002a213e9a1e0: 8002 0000 | 01c4 e37d | 19ac 2490 | 0200 0001 | c4e3 7d19 | b424 a002 | 0000 01c4 | e37d 19bc 
  0x000002a213e9a200: 24b0 0200 | 0001 c463 | 7d19 8424 | c002 0000 | 01c4 637d | 198c 24d0 | 0200 0001 | c463 7d19 
  0x000002a213e9a220: 9424 e002 | 0000 01c4 | 637d 199c | 24f0 0200 | 0001 c463 | 7d19 a424 | 0003 0000 | 01c4 637d 
  0x000002a213e9a240: 19ac 2410 | 0300 0001 | c463 7d19 | b424 2003 | 0000 01c4 | 637d 19bc | 2430 0300 | 0001 c5f8 
  0x000002a213e9a260: 7748 83ec | 2041 be03 | 0000 00e9 | 4c01 0000 | 4989 9730 | 0400 0049 | 8987 2804 | 0000 6800 
  0x000002a213e9a280: 0000 0055 | 488b ec9c | 4883 ec08 | 4881 ec80 | 0000 0048 | 8944 2478 | 4889 4c24 | 7048 8954 
  0x000002a213e9a2a0: 2468 4889 | 5c24 6048 | 896c 2450 | 4889 7424 | 4848 897c | 2440 4c89 | 4424 384c | 894c 2430 
  0x000002a213e9a2c0: 4c89 5424 | 284c 895c | 2420 4c89 | 6424 184c | 896c 2410 | 4c89 7424 | 084c 893c | 2448 81ec 
  0x000002a213e9a2e0: 800a 0000 | 480f ae04 | 24c4 e37d | 1984 2440 | 0200 0001 | c4e3 7d19 | 8c24 5002 | 0000 01c4 
  0x000002a213e9a300: e37d 1994 | 2460 0200 | 0001 c4e3 | 7d19 9c24 | 7002 0000 | 01c4 e37d | 19a4 2480 | 0200 0001 
  0x000002a213e9a320: c4e3 7d19 | ac24 9002 | 0000 01c4 | e37d 19b4 | 24a0 0200 | 0001 c4e3 | 7d19 bc24 | b002 0000 
  0x000002a213e9a340: 01c4 637d | 1984 24c0 | 0200 0001 | c463 7d19 | 8c24 d002 | 0000 01c4 | 637d 1994 | 24e0 0200 
  0x000002a213e9a360: 0001 c463 | 7d19 9c24 | f002 0000 | 01c4 637d | 19a4 2400 | 0300 0001 | c463 7d19 | ac24 1003 
  0x000002a213e9a380: 0000 01c4 | 637d 19b4 | 2420 0300 | 0001 c463 | 7d19 bc24 | 3003 0000 | 01c5 f877 | 4883 ec20 
  0x000002a213e9a3a0: 41be 0100 | 0000 498b | 9730 0400 | 0048 8955 | 0849 c787 | 3004 0000 | 0000 0000 | c5f8 7749 
  0x000002a213e9a3c0: 89a7 c002 | 0000 498b | cf41 8bd6 | 48b8 60ee | 189d fc7f | 0000 ffd0 | 49c7 87c0 | 0200 0000 
  0x000002a213e9a3e0: 0000 0049 | c787 c802 | 0000 0000 | 0000 c5f8 | 7748 8bf8 | 448b 773c | 4183 fe01 | 0f85 3400 
  0x000002a213e9a400: 0000 498b | 8728 0400 | 0049 8b97 | 3004 0000 | 49c7 8728 | 0400 0000 | 0000 0049 | c787 3004 
  0x000002a213e9a420: 0000 0000 | 0000 4889 | 8424 180b | 0000 4889 | 9424 080b | 0000 c5fb | 1084 24c0 | 0000 0048 
  0x000002a213e9a440: 8b84 2418 | 0b00 0048 | 8b94 2408 | 0b00 0048 | 81c4 380b | 0000 8b0f | 4803 e148 | 8b6f 3048 
  0x000002a213e9a460: 8b4f 1848 | 83c4 0848 | 8b77 108b | 5708 4c8b | c48b 5f04 | 482b e348 | 8b1e 4883 | eb10 48ff 
  0x000002a213e9a480: 3155 488b | ec48 2be3 | 48c7 45f0 | 0000 0000 | 4c89 45f8 | 4c8b c448 | 83c6 0848 | 83c1 08ff 
  0x000002a213e9a4a0: ca75 d448 | ff31 5548 | 8bec 4881 | ec30 0b00 | 00c5 fb11 | 8424 c000 | 0000 4889 | 8424 180b 
  0x000002a213e9a4c0: 0000 c5f8 | 7749 89af | d002 0000 | 49ba c2a4 | e913 a202 | 0000 4d89 | 97c8 0200 | 0049 89a7 
  0x000002a213e9a4e0: c002 0000 | 4883 e4f0 | 498b cf41 | 8bd6 48b8 | 7037 199d | fc7f 0000 | ffd0 498b | a7c0 0200 
  0x000002a213e9a500: 0049 c787 | c002 0000 | 0000 0000 | 49c7 87d0 | 0200 0000 | 0000 0049 | c787 c802 | 0000 0000 
  0x000002a213e9a520: 0000 c5f8 | 77c5 fb10 | 8424 c000 | 0000 488b | 8424 180b | 0000 488b | 9424 080b | 0000 c9c3 
[/MachCode]
--------------------------------------------------------------------------------
RAX=0x000002a20cae6990 is at entry_point+-1648 in (nmethod*)0x000002a20cae6990
Compiled method (c1)    3266 1243       3       jdk.internal.org.objectweb.asm.MethodWriter::putMethodInfo (1274 bytes)
 total in heap  [0x000002a20cae6990,0x000002a20caeaa50] = 16576
 relocation     [0x000002a20cae6ad8,0x000002a20cae6ff8] = 1312
 main code      [0x000002a20cae7000,0x000002a20cae9488] = 9352
 stub code      [0x000002a20cae9488,0x000002a20cae97c8] = 832
 metadata       [0x000002a20cae97c8,0x000002a20cae97f8] = 48
 scopes data    [0x000002a20cae97f8,0x000002a20cae9df8] = 1536
 scopes pcs     [0x000002a20cae9df8,0x000002a20caea7c8] = 2512
 dependencies   [0x000002a20caea7c8,0x000002a20caea7d0] = 8
 nul chk table  [0x000002a20caea7d0,0x000002a20caeaa50] = 640
RBX=0x000002a2267bc240 points into unknown readable memory: 0x000002a20cae6990 | 90 69 ae 0c a2 02 00 00
RCX=0x000002a2267bc240 points into unknown readable memory: 0x000002a20cae6990 | 90 69 ae 0c a2 02 00 00
RDX=0x000002a22697a970 points into unknown readable memory: 0x0000000000000000 | 00 00 00 00 00 00 00 00
RSP=0x000000c0f85fee38 is pointing into the stack for thread: 0x000002a22697a6b0
RBP=0x000000c0f85ff948 is pointing into the stack for thread: 0x000002a22697a6b0
RSI=0x0000000000000010 is an unknown value
RDI=0x00007ffcdf59edb0 glass.dll
R8 =0x0000000000000001 is an unknown value
R9 =0x0000000000000001 is an unknown value
R10=0x000002a20cae971c is at entry_point+10012 in (nmethod*)0x000002a20cae6990
Compiled method (c1)    3332 1243       3       jdk.internal.org.objectweb.asm.MethodWriter::putMethodInfo (1274 bytes)
 total in heap  [0x000002a20cae6990,0x000002a20caeaa50] = 16576
 relocation     [0x000002a20cae6ad8,0x000002a20cae6ff8] = 1312
 main code      [0x000002a20cae7000,0x000002a20cae9488] = 9352
 stub code      [0x000002a20cae9488,0x000002a20cae97c8] = 832
 metadata       [0x000002a20cae97c8,0x000002a20cae97f8] = 48
 scopes data    [0x000002a20cae97f8,0x000002a20cae9df8] = 1536
 scopes pcs     [0x000002a20cae9df8,0x000002a20caea7c8] = 2512
 dependencies   [0x000002a20caea7c8,0x000002a20caea7d0] = 8
 nul chk table  [0x000002a20caea7d0,0x000002a20caeaa50] = 640
R11=0x000000c0f85ff910 is pointing into the stack for thread: 0x000002a22697a6b0
R12=0x000000007ffe000c points into unknown readable memory: 3b 00 00 00
R13=0x000000007ffe0008 points into unknown readable memory: 0x0000003bc5a1a428 | 28 a4 a1 c5 3b 00 00 00
R14=0x0 is NULL
R15=0x0 is NULL


Top of Stack: (sp=0x000000c0f85fee38)
0x000000c0f85fee38:   0000000000000000 000002a22697a6b0
0x000000c0f85fee48:   00007ffc9d17f88e 000002a2221830e0
0x000000c0f85fee58:   000000c0f85fef90 000002a2268edf00
0x000000c0f85fee68:   000000c0f85feed0 0000000000000000
0x000000c0f85fee78:   00007ffc000a0101 000002a22697a6b0
0x000000c0f85fee88:   00007ffc9d2dc1f5 000002a222102780
0x000000c0f85fee98:   000002a22664a0d8 000002a22664a0d8
0x000000c0f85feea8:   00000000000000b6 000002a2000000b6
0x000000c0f85feeb8:   000002a22697a6b0 000002a222102780
0x000000c0f85feec8:   000002a22697a6b0 000002a222102780
0x000000c0f85feed8:   000002a22697a6b0 000002a222102160
0x000000c0f85feee8:   000002a22697a6b0 000002a222102d76
0x000000c0f85feef8:   000002a2000000b6 000002a222102d88
0x000000c0f85fef08:   00007ffc9d1373ee 0000020000000000
0x000000c0f85fef18:   000000c0f85ff248 000000c0f85ff1d8
0x000000c0f85fef28:   000000c0f85ff1d8 0000000000000080
0x000000c0f85fef38:   00007ffc9d1372d0 0000000000000005
0x000000c0f85fef48:   00000000f85ff102 0000000000000000
0x000000c0f85fef58:   000000c0f85ff100 3ff0000000000000
0x000000c0f85fef68:   0000000000000000 0000000000000080
0x000000c0f85fef78:   00007ffc9d146787 0000000000000080
0x000000c0f85fef88:   0000000000000000 0000000000000000
0x000000c0f85fef98:   0000000000000000 0000000000000000
0x000000c0f85fefa8:   0000000000000000 0000000000000000
0x000000c0f85fefb8:   00007ffc9d1466c5 0000000000000000
0x000000c0f85fefc8:   0000000000000080 00000000ffffffff
0x000000c0f85fefd8:   00007ffc9d14688f 3ff0000000000000
0x000000c0f85fefe8:   0000000000000080 000000c0f85ff100
0x000000c0f85feff8:   00007ffc9d146300 0000000000000000
0x000000c0f85ff008:   0000000000000000 0000000000000000
0x000000c0f85ff018:   00007ffc9d148dd8 0000000000000000
0x000000c0f85ff028:   000000c0f85ff100 0000000000000000 

Instructions: (pc=0x000002a213e9a081)
0x000002a213e99f81:   00 00 00 00 00 00 00 01 00 00 00 00 00 00 00 78
0x000002a213e99f91:   27 86 9d fc 7f 00 00 20 a0 e9 13 a2 02 00 00 40
0x000002a213e99fa1:   a5 e9 13 a2 02 00 00 20 a0 e9 13 a2 02 00 00 40
0x000002a213e99fb1:   a5 e9 13 a2 02 00 00 08 a0 e9 13 a2 02 00 00 18
0x000002a213e99fc1:   a0 e9 13 a2 02 00 00 80 ee 90 04 a2 02 00 00 68
0x000002a213e99fd1:   2c 86 9d fc 7f 00 00 b0 05 00 00 78 00 00 00 ff
0x000002a213e99fe1:   ff ff ff b0 05 00 00 68 01 00 00 00 00 00 00 00
0x000002a213e99ff1:   00 00 00 50 02 00 00 28 01 00 00 5e 02 00 00 00
0x000002a213e9a001:   00 00 00 00 00 00 00 ff 01 ad 31 0a 78 00 41 22
0x000002a213e9a011:   30 00 00 00 00 00 00 00 00 00 00 00 00 00 00 55
0x000002a213e9a021:   48 8b ec 9c 48 83 ec 08 48 81 ec 80 00 00 00 48
0x000002a213e9a031:   89 44 24 78 48 89 4c 24 70 48 89 54 24 68 48 89
0x000002a213e9a041:   5c 24 60 48 89 6c 24 50 48 89 74 24 48 48 89 7c
0x000002a213e9a051:   24 40 4c 89 44 24 38 4c 89 4c 24 30 4c 89 54 24
0x000002a213e9a061:   28 4c 89 5c 24 20 4c 89 64 24 18 4c 89 6c 24 10
0x000002a213e9a071:   4c 89 74 24 08 4c 89 3c 24 48 81 ec 80 0a 00 00
0x000002a213e9a081:   48 0f ae 04 24 c4 e3 7d 19 84 24 40 02 00 00 01
0x000002a213e9a091:   c4 e3 7d 19 8c 24 50 02 00 00 01 c4 e3 7d 19 94
0x000002a213e9a0a1:   24 60 02 00 00 01 c4 e3 7d 19 9c 24 70 02 00 00
0x000002a213e9a0b1:   01 c4 e3 7d 19 a4 24 80 02 00 00 01 c4 e3 7d 19
0x000002a213e9a0c1:   ac 24 90 02 00 00 01 c4 e3 7d 19 b4 24 a0 02 00
0x000002a213e9a0d1:   00 01 c4 e3 7d 19 bc 24 b0 02 00 00 01 c4 63 7d
0x000002a213e9a0e1:   19 84 24 c0 02 00 00 01 c4 63 7d 19 8c 24 d0 02
0x000002a213e9a0f1:   00 00 01 c4 63 7d 19 94 24 e0 02 00 00 01 c4 63
0x000002a213e9a101:   7d 19 9c 24 f0 02 00 00 01 c4 63 7d 19 a4 24 00
0x000002a213e9a111:   03 00 00 01 c4 63 7d 19 ac 24 10 03 00 00 01 c4
0x000002a213e9a121:   63 7d 19 b4 24 20 03 00 00 01 c4 63 7d 19 bc 24
0x000002a213e9a131:   30 03 00 00 01 c5 f8 77 48 83 ec 20 41 be 00 00
0x000002a213e9a141:   00 00 e9 74 02 00 00 55 48 8b ec 9c 48 83 ec 08
0x000002a213e9a151:   48 81 ec 80 00 00 00 48 89 44 24 78 48 89 4c 24
0x000002a213e9a161:   70 48 89 54 24 68 48 89 5c 24 60 48 89 6c 24 50
0x000002a213e9a171:   48 89 74 24 48 48 89 7c 24 40 4c 89 44 24 38 4c 


Stack slot to memory mapping:
stack at sp + 0 slots: 0x0 is NULL
stack at sp + 1 slots: 0x000002a22697a6b0 is a thread
stack at sp + 2 slots: 0x00007ffc9d17f88e jvm.dll
stack at sp + 3 slots: 0x000002a2221830e0 is pointing into metadata
stack at sp + 4 slots: 0x000000c0f85fef90 is pointing into the stack for thread: 0x000002a22697a6b0
stack at sp + 5 slots: 0x000002a2268edf00 points into unknown readable memory: 0x0000000000000000 | 00 00 00 00 00 00 00 00
stack at sp + 6 slots: 0x000000c0f85feed0 is pointing into the stack for thread: 0x000002a22697a6b0
stack at sp + 7 slots: 0x0 is NULL

--------------------------------------------------------------------------------
Decoding CodeBlob, name: DeoptimizationBlob, at  [0x000002a213e9a020, 0x000002a213e9a540]  1312 bytes
[MachCode]
  0x000002a213e9a020: 5548 8bec | 9c48 83ec | 0848 81ec | 8000 0000 | 4889 4424 | 7848 894c | 2470 4889 | 5424 6848 
  0x000002a213e9a040: 895c 2460 | 4889 6c24 | 5048 8974 | 2448 4889 | 7c24 404c | 8944 2438 | 4c89 4c24 | 304c 8954 
  0x000002a213e9a060: 2428 4c89 | 5c24 204c | 8964 2418 | 4c89 6c24 | 104c 8974 | 2408 4c89 | 3c24 4881 | ec80 0a00 
  0x000002a213e9a080: 0048 0fae | 0424 c4e3 | 7d19 8424 | 4002 0000 | 01c4 e37d | 198c 2450 | 0200 0001 | c4e3 7d19 
  0x000002a213e9a0a0: 9424 6002 | 0000 01c4 | e37d 199c | 2470 0200 | 0001 c4e3 | 7d19 a424 | 8002 0000 | 01c4 e37d 
  0x000002a213e9a0c0: 19ac 2490 | 0200 0001 | c4e3 7d19 | b424 a002 | 0000 01c4 | e37d 19bc | 24b0 0200 | 0001 c463 
  0x000002a213e9a0e0: 7d19 8424 | c002 0000 | 01c4 637d | 198c 24d0 | 0200 0001 | c463 7d19 | 9424 e002 | 0000 01c4 
  0x000002a213e9a100: 637d 199c | 24f0 0200 | 0001 c463 | 7d19 a424 | 0003 0000 | 01c4 637d | 19ac 2410 | 0300 0001 
  0x000002a213e9a120: c463 7d19 | b424 2003 | 0000 01c4 | 637d 19bc | 2430 0300 | 0001 c5f8 | 7748 83ec | 2041 be00 
  0x000002a213e9a140: 0000 00e9 | 7402 0000 | 5548 8bec | 9c48 83ec | 0848 81ec | 8000 0000 | 4889 4424 | 7848 894c 
  0x000002a213e9a160: 2470 4889 | 5424 6848 | 895c 2460 | 4889 6c24 | 5048 8974 | 2448 4889 | 7c24 404c | 8944 2438 
  0x000002a213e9a180: 4c89 4c24 | 304c 8954 | 2428 4c89 | 5c24 204c | 8964 2418 | 4c89 6c24 | 104c 8974 | 2408 4c89 
  0x000002a213e9a1a0: 3c24 4881 | ec80 0a00 | 0048 0fae | 0424 c4e3 | 7d19 8424 | 4002 0000 | 01c4 e37d | 198c 2450 
  0x000002a213e9a1c0: 0200 0001 | c4e3 7d19 | 9424 6002 | 0000 01c4 | e37d 199c | 2470 0200 | 0001 c4e3 | 7d19 a424 
  0x000002a213e9a1e0: 8002 0000 | 01c4 e37d | 19ac 2490 | 0200 0001 | c4e3 7d19 | b424 a002 | 0000 01c4 | e37d 19bc 
  0x000002a213e9a200: 24b0 0200 | 0001 c463 | 7d19 8424 | c002 0000 | 01c4 637d | 198c 24d0 | 0200 0001 | c463 7d19 
  0x000002a213e9a220: 9424 e002 | 0000 01c4 | 637d 199c | 24f0 0200 | 0001 c463 | 7d19 a424 | 0003 0000 | 01c4 637d 
  0x000002a213e9a240: 19ac 2410 | 0300 0001 | c463 7d19 | b424 2003 | 0000 01c4 | 637d 19bc | 2430 0300 | 0001 c5f8 
  0x000002a213e9a260: 7748 83ec | 2041 be03 | 0000 00e9 | 4c01 0000 | 4989 9730 | 0400 0049 | 8987 2804 | 0000 6800 
  0x000002a213e9a280: 0000 0055 | 488b ec9c | 4883 ec08 | 4881 ec80 | 0000 0048 | 8944 2478 | 4889 4c24 | 7048 8954 
  0x000002a213e9a2a0: 2468 4889 | 5c24 6048 | 896c 2450 | 4889 7424 | 4848 897c | 2440 4c89 | 4424 384c | 894c 2430 
  0x000002a213e9a2c0: 4c89 5424 | 284c 895c | 2420 4c89 | 6424 184c | 896c 2410 | 4c89 7424 | 084c 893c | 2448 81ec 
  0x000002a213e9a2e0: 800a 0000 | 480f ae04 | 24c4 e37d | 1984 2440 | 0200 0001 | c4e3 7d19 | 8c24 5002 | 0000 01c4 
  0x000002a213e9a300: e37d 1994 | 2460 0200 | 0001 c4e3 | 7d19 9c24 | 7002 0000 | 01c4 e37d | 19a4 2480 | 0200 0001 
  0x000002a213e9a320: c4e3 7d19 | ac24 9002 | 0000 01c4 | e37d 19b4 | 24a0 0200 | 0001 c4e3 | 7d19 bc24 | b002 0000 
  0x000002a213e9a340: 01c4 637d | 1984 24c0 | 0200 0001 | c463 7d19 | 8c24 d002 | 0000 01c4 | 637d 1994 | 24e0 0200 
  0x000002a213e9a360: 0001 c463 | 7d19 9c24 | f002 0000 | 01c4 637d | 19a4 2400 | 0300 0001 | c463 7d19 | ac24 1003 
  0x000002a213e9a380: 0000 01c4 | 637d 19b4 | 2420 0300 | 0001 c463 | 7d19 bc24 | 3003 0000 | 01c5 f877 | 4883 ec20 
  0x000002a213e9a3a0: 41be 0100 | 0000 498b | 9730 0400 | 0048 8955 | 0849 c787 | 3004 0000 | 0000 0000 | c5f8 7749 
  0x000002a213e9a3c0: 89a7 c002 | 0000 498b | cf41 8bd6 | 48b8 60ee | 189d fc7f | 0000 ffd0 | 49c7 87c0 | 0200 0000 
  0x000002a213e9a3e0: 0000 0049 | c787 c802 | 0000 0000 | 0000 c5f8 | 7748 8bf8 | 448b 773c | 4183 fe01 | 0f85 3400 
  0x000002a213e9a400: 0000 498b | 8728 0400 | 0049 8b97 | 3004 0000 | 49c7 8728 | 0400 0000 | 0000 0049 | c787 3004 
  0x000002a213e9a420: 0000 0000 | 0000 4889 | 8424 180b | 0000 4889 | 9424 080b | 0000 c5fb | 1084 24c0 | 0000 0048 
  0x000002a213e9a440: 8b84 2418 | 0b00 0048 | 8b94 2408 | 0b00 0048 | 81c4 380b | 0000 8b0f | 4803 e148 | 8b6f 3048 
  0x000002a213e9a460: 8b4f 1848 | 83c4 0848 | 8b77 108b | 5708 4c8b | c48b 5f04 | 482b e348 | 8b1e 4883 | eb10 48ff 
  0x000002a213e9a480: 3155 488b | ec48 2be3 | 48c7 45f0 | 0000 0000 | 4c89 45f8 | 4c8b c448 | 83c6 0848 | 83c1 08ff 
  0x000002a213e9a4a0: ca75 d448 | ff31 5548 | 8bec 4881 | ec30 0b00 | 00c5 fb11 | 8424 c000 | 0000 4889 | 8424 180b 
  0x000002a213e9a4c0: 0000 c5f8 | 7749 89af | d002 0000 | 49ba c2a4 | e913 a202 | 0000 4d89 | 97c8 0200 | 0049 89a7 
  0x000002a213e9a4e0: c002 0000 | 4883 e4f0 | 498b cf41 | 8bd6 48b8 | 7037 199d | fc7f 0000 | ffd0 498b | a7c0 0200 
  0x000002a213e9a500: 0049 c787 | c002 0000 | 0000 0000 | 49c7 87d0 | 0200 0000 | 0000 0049 | c787 c802 | 0000 0000 
  0x000002a213e9a520: 0000 c5f8 | 77c5 fb10 | 8424 c000 | 0000 488b | 8424 180b | 0000 488b | 9424 080b | 0000 c9c3 
[/MachCode]
--------------------------------------------------------------------------------


---------------  P R O C E S S  ---------------

Threads class SMR info:
_java_thread_list=0x000002a226a892d0, length=16, elements={
0x000002a20484b250, 0x000002a221a08880, 0x000002a221a09aa0, 0x000002a221a149a0,
0x000002a221a154e0, 0x000002a221a18250, 0x000002a221a18b90, 0x000002a221a19c20,
0x000002a221a27ee0, 0x000002a2219d56a0, 0x000002a225f0fd10, 0x000002a225de3400,
0x000002a2268008a0, 0x000002a226678b30, 0x000002a22697a6b0, 0x000002a226644360
}

Java Threads: ( => current thread )
  0x000002a20484b250 JavaThread "main" [_thread_blocked, id=5848, stack(0x000000c0f6000000,0x000000c0f6100000)]
  0x000002a221a08880 JavaThread "Reference Handler" daemon [_thread_blocked, id=10704, stack(0x000000c0f6800000,0x000000c0f6900000)]
  0x000002a221a09aa0 JavaThread "Finalizer" daemon [_thread_blocked, id=10688, stack(0x000000c0f6900000,0x000000c0f6a00000)]
  0x000002a221a149a0 JavaThread "Signal Dispatcher" daemon [_thread_blocked, id=4936, stack(0x000000c0f6a00000,0x000000c0f6b00000)]
  0x000002a221a154e0 JavaThread "Attach Listener" daemon [_thread_blocked, id=11108, stack(0x000000c0f6b00000,0x000000c0f6c00000)]
  0x000002a221a18250 JavaThread "Service Thread" daemon [_thread_blocked, id=10980, stack(0x000000c0f6c00000,0x000000c0f6d00000)]
  0x000002a221a18b90 JavaThread "Monitor Deflation Thread" daemon [_thread_blocked, id=10220, stack(0x000000c0f6d00000,0x000000c0f6e00000)]
  0x000002a221a19c20 JavaThread "C2 CompilerThread0" daemon [_thread_blocked, id=5592, stack(0x000000c0f6e00000,0x000000c0f6f00000)]
  0x000002a221a27ee0 JavaThread "C1 CompilerThread0" daemon [_thread_blocked, id=5880, stack(0x000000c0f6f00000,0x000000c0f7000000)]
  0x000002a2219d56a0 JavaThread "Common-Cleaner" daemon [_thread_blocked, id=10824, stack(0x000000c0f7000000,0x000000c0f7100000)]
  0x000002a225f0fd10 JavaThread "Monitor Ctrl-Break" daemon [_thread_in_native, id=556, stack(0x000000c0f7200000,0x000000c0f7300000)]
  0x000002a225de3400 JavaThread "Notification Thread" daemon [_thread_blocked, id=5780, stack(0x000000c0f7300000,0x000000c0f7400000)]
  0x000002a2268008a0 JavaThread "QuantumRenderer-0" daemon [_thread_blocked, id=2800, stack(0x000000c0f7b00000,0x000000c0f7c00000)]
  0x000002a226678b30 JavaThread "InvokeLaterDispatcher" daemon [_thread_blocked, id=5228, stack(0x000000c0f7d00000,0x000000c0f7e00000)]
=>0x000002a22697a6b0 JavaThread "Thread-1" daemon [_thread_in_native, id=4996, stack(0x000000c0f8500000,0x000000c0f8600000)]
  0x000002a226644360 JavaThread "C2 CompilerThread1" daemon [_thread_blocked, id=4124, stack(0x000000c0f8700000,0x000000c0f8800000)]

Other Threads:
  0x000002a2219e76a0 VMThread "VM Thread" [stack: 0x000000c0f6600000,0x000000c0f6700000] [id=7052] _threads_hazard_ptr=0x000002a226a892d0
  0x000002a2048a0b60 WorkerThread "GC Thread#0" [stack: 0x000000c0f6100000,0x000000c0f6200000] [id=8940]
  0x000002a2260db9c0 WorkerThread "GC Thread#1" [stack: 0x000000c0f7800000,0x000000c0f7900000] [id=2428]
  0x000002a22639f050 WorkerThread "GC Thread#2" [stack: 0x000000c0f7900000,0x000000c0f7a00000] [id=10772]
  0x000002a22639d3b0 WorkerThread "GC Thread#3" [stack: 0x000000c0f7a00000,0x000000c0f7b00000] [id=10864]
  0x000002a2048ac980 ConcurrentGCThread "G1 Main Marker" terminated
  0x000002a2048ad460 WorkerThread "G1 Conc#0" [stack: 0x000000c0f6300000,0x000000c0f6400000] [id=10716]
  0x000002a2218b0090 ConcurrentGCThread "G1 Refine#0" terminated
  0x000002a2218b0a40 ConcurrentGCThread "G1 Service" terminated

Threads with active compile tasks:
C2 CompilerThread0     3453 1372   !   4       com.sun.javafx.css.ParsedValueImpl::readBinary (691 bytes)

VM state: at safepoint (normal execution)

VM Mutex/Monitor currently owned by a thread:  ([mutex/lock_event])
[0x000002a204846e60] Threads_lock - owner thread: 0x000002a2219e76a0
[0x000002a204848450] Heap_lock - owner thread: 0x000002a20484b250

Heap address: 0x0000000750800000, size: 2808 MB, Compressed Oops mode: Zero based, Oop shift amount: 3

CDS archive(s) mapped at: [0x0000000800000000-0x0000000800c60000-0x0000000800c60000), size 12976128, SharedBaseAddress: 0x0000000800000000, ArchiveRelocationMode: 0.
Compressed class space mapped at: 0x0000000801000000-0x0000000841000000, reserved size: 1073741824
Narrow klass base: 0x0000000800000000, Narrow klass shift: 0, Narrow klass range: 0x100000000

GC Precious Log:
 CardTable entry size: 512
 Card Set container configuration: InlinePtr #cards 4 size 8 Array Of Cards #cards 16 size 48 Howl #buckets 8 coarsen threshold 3686 Howl Bitmap #cards 512 size 80 coarsen threshold 460 Card regions per heap region 1 cards per card region 4096
 CPUs: 4 total, 4 available
 Memory: 11225M
 Large Page Support: Disabled
 NUMA Support: Disabled
 Compressed Oops: Enabled (Zero based)
 Heap Region Size: 2M
 Heap Min Capacity: 8M
 Heap Initial Capacity: 176M
 Heap Max Capacity: 2808M
 Pre-touch: Disabled
 Parallel Workers: 4
 Concurrent Workers: 1
 Concurrent Refinement Workers: 4
 Periodic GC: Disabled

Heap:
 garbage-first heap   total 180224K, used 18430K [0x0000000750800000, 0x0000000800000000)
  region size 2048K, 7 young (14336K), 1 survivors (2048K)
 Metaspace       used 10222K, committed 10560K, reserved 1114112K
  class space    used 1316K, committed 1472K, reserved 1048576K

Heap Regions: E=young(eden), S=young(survivor), O=old, HS=humongous(starts), HC=humongous(continues), CS=collection set, F=free, OA=open archive, CA=closed archive, TAMS=top-at-mark-start, PB=parsable bottom
|   0|0x0000000750800000, 0x0000000750a00000, 0x0000000750a00000|100%| O|  |TAMS 0x0000000750800000| PB 0x0000000750800000| Untracked 
|   1|0x0000000750a00000, 0x0000000750aa8200, 0x0000000750c00000| 32%| O|  |TAMS 0x0000000750a00000| PB 0x0000000750a00000| Untracked 
|   2|0x0000000750c00000, 0x0000000750e00000, 0x0000000750e00000|100%|HS|  |TAMS 0x0000000750c00000| PB 0x0000000750c00000| Complete 
|   3|0x0000000750e00000, 0x0000000751000000, 0x0000000751000000|100%|HC|  |TAMS 0x0000000750e00000| PB 0x0000000750e00000| Complete 
|   4|0x0000000751000000, 0x0000000751200000, 0x0000000751200000|100%|HC|  |TAMS 0x0000000751000000| PB 0x0000000751000000| Complete 
|   5|0x0000000751200000, 0x0000000751200000, 0x0000000751400000|  0%| F|  |TAMS 0x0000000751200000| PB 0x0000000751200000| Untracked 
|   6|0x0000000751400000, 0x0000000751400000, 0x0000000751600000|  0%| F|  |TAMS 0x0000000751400000| PB 0x0000000751400000| Untracked 
|   7|0x0000000751600000, 0x0000000751600000, 0x0000000751800000|  0%| F|  |TAMS 0x0000000751600000| PB 0x0000000751600000| Untracked 
|   8|0x0000000751800000, 0x0000000751800000, 0x0000000751a00000|  0%| F|  |TAMS 0x0000000751800000| PB 0x0000000751800000| Untracked 
|   9|0x0000000751a00000, 0x0000000751a00000, 0x0000000751c00000|  0%| F|  |TAMS 0x0000000751a00000| PB 0x0000000751a00000| Untracked 
|  10|0x0000000751c00000, 0x0000000751c00000, 0x0000000751e00000|  0%| F|  |TAMS 0x0000000751c00000| PB 0x0000000751c00000| Untracked 
|  11|0x0000000751e00000, 0x0000000751e00000, 0x0000000752000000|  0%| F|  |TAMS 0x0000000751e00000| PB 0x0000000751e00000| Untracked 
|  12|0x0000000752000000, 0x0000000752000000, 0x0000000752200000|  0%| F|  |TAMS 0x0000000752000000| PB 0x0000000752000000| Untracked 
|  13|0x0000000752200000, 0x0000000752200000, 0x0000000752400000|  0%| F|  |TAMS 0x0000000752200000| PB 0x0000000752200000| Untracked 
|  14|0x0000000752400000, 0x0000000752400000, 0x0000000752600000|  0%| F|  |TAMS 0x0000000752400000| PB 0x0000000752400000| Untracked 
|  15|0x0000000752600000, 0x0000000752600000, 0x0000000752800000|  0%| F|  |TAMS 0x0000000752600000| PB 0x0000000752600000| Untracked 
|  16|0x0000000752800000, 0x0000000752800000, 0x0000000752a00000|  0%| F|  |TAMS 0x0000000752800000| PB 0x0000000752800000| Untracked 
|  17|0x0000000752a00000, 0x0000000752a00000, 0x0000000752c00000|  0%| F|  |TAMS 0x0000000752a00000| PB 0x0000000752a00000| Untracked 
|  18|0x0000000752c00000, 0x0000000752c00000, 0x0000000752e00000|  0%| F|  |TAMS 0x0000000752c00000| PB 0x0000000752c00000| Untracked 
|  19|0x0000000752e00000, 0x0000000752e00000, 0x0000000753000000|  0%| F|  |TAMS 0x0000000752e00000| PB 0x0000000752e00000| Untracked 
|  20|0x0000000753000000, 0x0000000753000000, 0x0000000753200000|  0%| F|  |TAMS 0x0000000753000000| PB 0x0000000753000000| Untracked 
|  21|0x0000000753200000, 0x0000000753200000, 0x0000000753400000|  0%| F|  |TAMS 0x0000000753200000| PB 0x0000000753200000| Untracked 
|  22|0x0000000753400000, 0x0000000753400000, 0x0000000753600000|  0%| F|  |TAMS 0x0000000753400000| PB 0x0000000753400000| Untracked 
|  23|0x0000000753600000, 0x0000000753600000, 0x0000000753800000|  0%| F|  |TAMS 0x0000000753600000| PB 0x0000000753600000| Untracked 
|  24|0x0000000753800000, 0x0000000753800000, 0x0000000753a00000|  0%| F|  |TAMS 0x0000000753800000| PB 0x0000000753800000| Untracked 
|  25|0x0000000753a00000, 0x0000000753a00000, 0x0000000753c00000|  0%| F|  |TAMS 0x0000000753a00000| PB 0x0000000753a00000| Untracked 
|  26|0x0000000753c00000, 0x0000000753c00000, 0x0000000753e00000|  0%| F|  |TAMS 0x0000000753c00000| PB 0x0000000753c00000| Untracked 
|  27|0x0000000753e00000, 0x0000000753e00000, 0x0000000754000000|  0%| F|  |TAMS 0x0000000753e00000| PB 0x0000000753e00000| Untracked 
|  28|0x0000000754000000, 0x0000000754000000, 0x0000000754200000|  0%| F|  |TAMS 0x0000000754000000| PB 0x0000000754000000| Untracked 
|  29|0x0000000754200000, 0x0000000754200000, 0x0000000754400000|  0%| F|  |TAMS 0x0000000754200000| PB 0x0000000754200000| Untracked 
|  30|0x0000000754400000, 0x0000000754400000, 0x0000000754600000|  0%| F|  |TAMS 0x0000000754400000| PB 0x0000000754400000| Untracked 
|  31|0x0000000754600000, 0x0000000754600000, 0x0000000754800000|  0%| F|  |TAMS 0x0000000754600000| PB 0x0000000754600000| Untracked 
|  32|0x0000000754800000, 0x0000000754800000, 0x0000000754a00000|  0%| F|  |TAMS 0x0000000754800000| PB 0x0000000754800000| Untracked 
|  33|0x0000000754a00000, 0x0000000754a00000, 0x0000000754c00000|  0%| F|  |TAMS 0x0000000754a00000| PB 0x0000000754a00000| Untracked 
|  34|0x0000000754c00000, 0x0000000754c00000, 0x0000000754e00000|  0%| F|  |TAMS 0x0000000754c00000| PB 0x0000000754c00000| Untracked 
|  35|0x0000000754e00000, 0x0000000754e00000, 0x0000000755000000|  0%| F|  |TAMS 0x0000000754e00000| PB 0x0000000754e00000| Untracked 
|  36|0x0000000755000000, 0x0000000755000000, 0x0000000755200000|  0%| F|  |TAMS 0x0000000755000000| PB 0x0000000755000000| Untracked 
|  37|0x0000000755200000, 0x0000000755200000, 0x0000000755400000|  0%| F|  |TAMS 0x0000000755200000| PB 0x0000000755200000| Untracked 
|  38|0x0000000755400000, 0x0000000755400000, 0x0000000755600000|  0%| F|  |TAMS 0x0000000755400000| PB 0x0000000755400000| Untracked 
|  39|0x0000000755600000, 0x0000000755600000, 0x0000000755800000|  0%| F|  |TAMS 0x0000000755600000| PB 0x0000000755600000| Untracked 
|  40|0x0000000755800000, 0x0000000755800000, 0x0000000755a00000|  0%| F|  |TAMS 0x0000000755800000| PB 0x0000000755800000| Untracked 
|  41|0x0000000755a00000, 0x0000000755a00000, 0x0000000755c00000|  0%| F|  |TAMS 0x0000000755a00000| PB 0x0000000755a00000| Untracked 
|  42|0x0000000755c00000, 0x0000000755c00000, 0x0000000755e00000|  0%| F|  |TAMS 0x0000000755c00000| PB 0x0000000755c00000| Untracked 
|  43|0x0000000755e00000, 0x0000000755e00000, 0x0000000756000000|  0%| F|  |TAMS 0x0000000755e00000| PB 0x0000000755e00000| Untracked 
|  44|0x0000000756000000, 0x0000000756000000, 0x0000000756200000|  0%| F|  |TAMS 0x0000000756000000| PB 0x0000000756000000| Untracked 
|  45|0x0000000756200000, 0x0000000756200000, 0x0000000756400000|  0%| F|  |TAMS 0x0000000756200000| PB 0x0000000756200000| Untracked 
|  46|0x0000000756400000, 0x0000000756400000, 0x0000000756600000|  0%| F|  |TAMS 0x0000000756400000| PB 0x0000000756400000| Untracked 
|  47|0x0000000756600000, 0x0000000756600000, 0x0000000756800000|  0%| F|  |TAMS 0x0000000756600000| PB 0x0000000756600000| Untracked 
|  48|0x0000000756800000, 0x0000000756800000, 0x0000000756a00000|  0%| F|  |TAMS 0x0000000756800000| PB 0x0000000756800000| Untracked 
|  49|0x0000000756a00000, 0x0000000756a00000, 0x0000000756c00000|  0%| F